<?xml version="1.0" encoding="UTF-8"?>
<testng-results skipped="0" failed="0" total="1" passed="1">
  <reporter-output>
  </reporter-output>
  <suite name="Default suite" duration-ms="49797" started-at="2019-12-23T04:53:31Z" finished-at="2019-12-23T04:54:21Z">
    <groups>
    </groups>
    <test name="Default test" duration-ms="49797" started-at="2019-12-23T04:53:31Z" finished-at="2019-12-23T04:54:21Z">
      <class name="DriverFactory.AppTest">
        <test-method status="PASS" signature="startTest()[pri:0, instance:DriverFactory.AppTest@2a5ca609]" name="startTest" duration-ms="49796" started-at="2019-12-23T10:23:31Z" finished-at="2019-12-23T10:24:21Z">
          <reporter-output>
          </reporter-output>
        </test-method> <!-- startTest -->
      </class> <!-- DriverFactory.AppTest -->
    </test> <!-- Default test -->
  </suite> <!-- Default suite -->
</testng-results>
